0 info it worked if it ends with ok
1 verbose cli [ '/Users/Harry/.nvm/versions/node/v6.10.2/bin/node',
1 verbose cli   '/Users/Harry/.nvm/versions/node/v6.10.2/bin/npm',
1 verbose cli   'start' ]
2 info using npm@3.10.10
3 info using node@v6.10.2
4 verbose run-script [ 'prestart', 'start', 'poststart' ]
5 info lifecycle express-firebase@1.0.2~prestart: express-firebase@1.0.2
6 silly lifecycle express-firebase@1.0.2~prestart: no script for prestart, continuing
7 info lifecycle express-firebase@1.0.2~start: express-firebase@1.0.2
8 verbose lifecycle express-firebase@1.0.2~start: unsafe-perm in lifecycle true
9 verbose lifecycle express-firebase@1.0.2~start: PATH: /Users/Harry/.nvm/versions/node/v6.10.2/lib/node_modules/npm/bin/node-gyp-bin:/Users/Harry/projects/turtle-soup-express/node_modules/.bin:/Users/Harry/.nvm/versions/node/v6.10.2/bin:/Applications/MAMP/bin/php/php7.0.15/bin:/usr/local/bin:/usr/bin:/bin:/usr/sbin:/sbin:/usr/local/bin:/opt/X11/bin
10 verbose lifecycle express-firebase@1.0.2~start: CWD: /Users/Harry/projects/turtle-soup-express
11 silly lifecycle express-firebase@1.0.2~start: Args: [ '-c', 'node src/index.js' ]
12 silly lifecycle express-firebase@1.0.2~start: Returned: code: 1  signal: null
13 info lifecycle express-firebase@1.0.2~start: Failed to exec start script
14 verbose stack Error: express-firebase@1.0.2 start: `node src/index.js`
14 verbose stack Exit status 1
14 verbose stack     at EventEmitter.<anonymous> (/Users/Harry/.nvm/versions/node/v6.10.2/lib/node_modules/npm/lib/utils/lifecycle.js:255:16)
14 verbose stack     at emitTwo (events.js:106:13)
14 verbose stack     at EventEmitter.emit (events.js:191:7)
14 verbose stack     at ChildProcess.<anonymous> (/Users/Harry/.nvm/versions/node/v6.10.2/lib/node_modules/npm/lib/utils/spawn.js:40:14)
14 verbose stack     at emitTwo (events.js:106:13)
14 verbose stack     at ChildProcess.emit (events.js:191:7)
14 verbose stack     at maybeClose (internal/child_process.js:886:16)
14 verbose stack     at Process.ChildProcess._handle.onexit (internal/child_process.js:226:5)
15 verbose pkgid express-firebase@1.0.2
16 verbose cwd /Users/Harry/projects/turtle-soup-express
17 error Darwin 15.6.0
18 error argv "/Users/Harry/.nvm/versions/node/v6.10.2/bin/node" "/Users/Harry/.nvm/versions/node/v6.10.2/bin/npm" "start"
19 error node v6.10.2
20 error npm  v3.10.10
21 error code ELIFECYCLE
22 error express-firebase@1.0.2 start: `node src/index.js`
22 error Exit status 1
23 error Failed at the express-firebase@1.0.2 start script 'node src/index.js'.
23 error Make sure you have the latest version of node.js and npm installed.
23 error If you do, this is most likely a problem with the express-firebase package,
23 error not with npm itself.
23 error Tell the author that this fails on your system:
23 error     node src/index.js
23 error You can get information on how to open an issue for this project with:
23 error     npm bugs express-firebase
23 error Or if that isn't available, you can get their info via:
23 error     npm owner ls express-firebase
23 error There is likely additional logging output above.
24 verbose exit [ 1, true ]
